<?xml version="1.0" encoding="UTF-8"?>
<!-- Generated by org.testng.reporters.JUnitReportReporter -->
<testsuite hostname="Users-MBP.lan" failures="0" tests="2" name="simplesurance.CreateSingleInsuranceWithDebitTestRunner" time="8.436" errors="0" timestamp="2024-06-20T23:56:53 WEST" skipped="0">
  <testcase classname="simplesurance.CreateSingleInsuranceWithDebitTestRunner" name="testLogin" time="1.226"/>
  <system-out/>
  <testcase classname="simplesurance.CreateSingleInsuranceWithDebitTestRunner" name="testCreateInsuranceWithDebit" time="7.210"/>
  <system-out/>
</testsuite> <!-- simplesurance.CreateSingleInsuranceWithDebitTestRunner -->
