<?xml version="1.0" encoding="UTF-8"?>
<!-- Generated by org.testng.reporters.JUnitReportReporter -->
<testsuite hostname="Users-MBP.lan" failures="0" tests="2" name="simplesurance.CreateSingleInsuranceTestRunner" time="8.267" errors="0" timestamp="2024-06-20T15:45:03 WEST" skipped="0">
  <testcase classname="simplesurance.CreateSingleInsuranceTestRunner" name="testLogin" time="1.266"/>
  <system-out/>
  <testcase classname="simplesurance.CreateSingleInsuranceTestRunner" name="testCreateInsuranceWithDebit" time="7.001"/>
  <system-out/>
</testsuite> <!-- simplesurance.CreateSingleInsuranceTestRunner -->
