<?xml version="1.0" encoding="UTF-8"?>
<!-- Generated by org.testng.reporters.JUnitReportReporter -->
<testsuite hostname="Users-MBP.lan" failures="0" tests="1" name="simplesurance.LogginTestRunner" time="1.543" errors="0" timestamp="2024-06-20T14:59:57 WEST" skipped="0">
  <testcase classname="simplesurance.LogginTestRunner" name="testLogin" time="1.543"/>
  <system-out/>
</testsuite> <!-- simplesurance.LogginTestRunner -->
