<?xml version="1.0" encoding="UTF-8"?>
<!-- Generated by org.testng.reporters.JUnitReportReporter -->
<testsuite hostname="Users-MBP.lan" failures="0" tests="2" name="simplesurance.ImportMultipleInsuranceTestRunner" time="1.840" errors="0" timestamp="2024-06-20T23:56:53 WEST" skipped="0">
  <testcase classname="simplesurance.ImportMultipleInsuranceTestRunner" name="testLogin" time="1.274"/>
  <system-out/>
  <testcase classname="simplesurance.ImportMultipleInsuranceTestRunner" name="testImportInsurance" time="0.566"/>
  <system-out/>
</testsuite> <!-- simplesurance.ImportMultipleInsuranceTestRunner -->
