<?xml version="1.0" encoding="UTF-8"?>
<!-- Generated by org.testng.reporters.JUnitReportReporter -->
<testsuite hostname="Users-MBP.lan" failures="0" tests="2" name="simplesurance.CreateSingleInsuranceWithCardTestRunner" time="8.930" errors="0" timestamp="2024-06-20T22:11:51 WEST" skipped="0">
  <testcase classname="simplesurance.CreateSingleInsuranceWithCardTestRunner" name="testLogin" time="1.526"/>
  <system-out/>
  <testcase classname="simplesurance.CreateSingleInsuranceWithCardTestRunner" name="testCreateInsuranceWithCard" time="7.404"/>
  <system-out/>
</testsuite> <!-- simplesurance.CreateSingleInsuranceWithCardTestRunner -->
