<?xml version="1.0" encoding="UTF-8"?>
<!-- Generated by org.testng.reporters.JUnitReportReporter -->
<testsuite hostname="Users-MBP.lan" failures="0" tests="2" name="simplesurance.CreateSingleInsuranceWithDebitTestRunner" time="9.157" errors="0" timestamp="2024-06-20T22:11:51 WEST" skipped="0">
  <testcase classname="simplesurance.CreateSingleInsuranceWithDebitTestRunner" name="testLogin" time="1.340"/>
  <system-out/>
  <testcase classname="simplesurance.CreateSingleInsuranceWithDebitTestRunner" name="testCreateInsuranceWithDebit" time="7.817"/>
  <system-out/>
</testsuite> <!-- simplesurance.CreateSingleInsuranceWithDebitTestRunner -->
